./jittyc_5970_35640592_3943528750.cpp: In instantiation of ‘static mcrl2::data::data_expression {anonymous}::rewr_functions::rewr_538_1(const DATA_EXPR0&, mcrl2::data::detail::RewriterCompilingJitty*) [with DATA_EXPR0 = term_not_in_normal_form]’:
./jittyc_5970_35640592_3943528750.cpp:6920:129:   required from here
./jittyc_5970_35640592_3943528750.cpp:6873:34: warning: unused variable ‘t1’ [-Wunused-variable]
 6873 |           const data_expression& t1 = down_cast<data_expression>(arg0[1]);
      |                                  ^~
./jittyc_5970_35640592_3943528750.cpp:6893:40: warning: unused variable ‘t2’ [-Wunused-variable]
 6893 |                 const data_expression& t2 = down_cast<data_expression>(arg0[2]);
      |                                        ^~
./jittyc_5970_35640592_3943528750.cpp:6881:36: warning: unused variable ‘t1’ [-Wunused-variable]
 6881 |             const data_expression& t1 = down_cast<data_expression>(arg0[1]);
      |                                    ^~
./jittyc_5970_35640592_3943528750.cpp: In instantiation of ‘static mcrl2::data::data_expression {anonymous}::rewr_functions::rewr_538_1(const DATA_EXPR0&, mcrl2::data::detail::RewriterCompilingJitty*) [with DATA_EXPR0 = mcrl2::data::data_expression]’:
./jittyc_5970_35640592_3943528750.cpp:6922:148:   required from here
./jittyc_5970_35640592_3943528750.cpp:6873:34: warning: unused variable ‘t1’ [-Wunused-variable]
 6873 |           const data_expression& t1 = down_cast<data_expression>(arg0[1]);
      |                                  ^~
./jittyc_5970_35640592_3943528750.cpp:6893:40: warning: unused variable ‘t2’ [-Wunused-variable]
 6893 |                 const data_expression& t2 = down_cast<data_expression>(arg0[2]);
      |                                        ^~
./jittyc_5970_35640592_3943528750.cpp:6881:36: warning: unused variable ‘t1’ [-Wunused-variable]
 6881 |             const data_expression& t1 = down_cast<data_expression>(arg0[1]);
      |                                    ^~
./jittyc_5970_35640592_3943528750.cpp: In instantiation of ‘static mcrl2::data::data_expression {anonymous}::rewr_functions::rewr_530_1(const DATA_EXPR0&, mcrl2::data::detail::RewriterCompilingJitty*) [with DATA_EXPR0 = term_not_in_normal_form]’:
./jittyc_5970_35640592_3943528750.cpp:7055:129:   required from here
./jittyc_5970_35640592_3943528750.cpp:7025:34: warning: unused variable ‘t1’ [-Wunused-variable]
 7025 |           const data_expression& t1 = down_cast<data_expression>(arg0[2]);
      |                                  ^~
./jittyc_5970_35640592_3943528750.cpp: In instantiation of ‘static mcrl2::data::data_expression {anonymous}::rewr_functions::rewr_530_1(const DATA_EXPR0&, mcrl2::data::detail::RewriterCompilingJitty*) [with DATA_EXPR0 = mcrl2::data::data_expression]’:
./jittyc_5970_35640592_3943528750.cpp:7057:148:   required from here
./jittyc_5970_35640592_3943528750.cpp:7025:34: warning: unused variable ‘t1’ [-Wunused-variable]
./jittyc_5970_35640592_3943528750.cpp: In instantiation of ‘static mcrl2::data::data_expression {anonymous}::rewr_functions::rewr_529_2(const DATA_EXPR0&, const DATA_EXPR1&, mcrl2::data::detail::RewriterCompilingJitty*) [with DATA_EXPR0 = term_not_in_normal_form; DATA_EXPR1 = term_not_in_normal_form]’:
./jittyc_5970_35640592_3943528750.cpp:7206:129:   required from here
./jittyc_5970_35640592_3943528750.cpp:7086:34: warning: unused variable ‘t1’ [-Wunused-variable]
 7086 |           const data_expression& t1 = down_cast<data_expression>(arg0[1]);
      |                                  ^~
./jittyc_5970_35640592_3943528750.cpp:7129:40: warning: unused variable ‘t3’ [-Wunused-variable]
 7129 |                 const data_expression& t3 = down_cast<data_expression>(arg1[1]);
      |                                        ^~
./jittyc_5970_35640592_3943528750.cpp:7137:42: warning: unused variable ‘t3’ [-Wunused-variable]
 7137 |                   const data_expression& t3 = down_cast<data_expression>(arg1[1]);
      |                                          ^~
./jittyc_5970_35640592_3943528750.cpp:7117:34: warning: unused variable ‘t1’ [-Wunused-variable]
 7117 |           const data_expression& t1 = down_cast<data_expression>(arg0[1]);
      |                                  ^~
./jittyc_5970_35640592_3943528750.cpp:7163:40: warning: unused variable ‘t2’ [-Wunused-variable]
 7163 |                 const data_expression& t2 = down_cast<data_expression>(arg1[1]);
      |                                        ^~
./jittyc_5970_35640592_3943528750.cpp:7189:38: warning: unused variable ‘t1’ [-Wunused-variable]
 7189 |               const data_expression& t1 = down_cast<data_expression>(arg1[1]);
      |                                      ^~
./jittyc_5970_35640592_3943528750.cpp: In instantiation of ‘static mcrl2::data::data_expression {anonymous}::rewr_functions::rewr_529_2(const DATA_EXPR0&, const DATA_EXPR1&, mcrl2::data::detail::RewriterCompilingJitty*) [with DATA_EXPR0 = mcrl2::data::data_expression; DATA_EXPR1 = mcrl2::data::data_expression]’:
./jittyc_5970_35640592_3943528750.cpp:7208:148:   required from here
./jittyc_5970_35640592_3943528750.cpp:7086:34: warning: unused variable ‘t1’ [-Wunused-variable]
 7086 |           const data_expression& t1 = down_cast<data_expression>(arg0[1]);
      |                                  ^~
./jittyc_5970_35640592_3943528750.cpp:7129:40: warning: unused variable ‘t3’ [-Wunused-variable]
 7129 |                 const data_expression& t3 = down_cast<data_expression>(arg1[1]);
      |                                        ^~
./jittyc_5970_35640592_3943528750.cpp:7137:42: warning: unused variable ‘t3’ [-Wunused-variable]
 7137 |                   const data_expression& t3 = down_cast<data_expression>(arg1[1]);
      |                                          ^~
./jittyc_5970_35640592_3943528750.cpp:7117:34: warning: unused variable ‘t1’ [-Wunused-variable]
 7117 |           const data_expression& t1 = down_cast<data_expression>(arg0[1]);
      |                                  ^~
./jittyc_5970_35640592_3943528750.cpp:7163:40: warning: unused variable ‘t2’ [-Wunused-variable]
 7163 |                 const data_expression& t2 = down_cast<data_expression>(arg1[1]);
      |                                        ^~
./jittyc_5970_35640592_3943528750.cpp:7189:38: warning: unused variable ‘t1’ [-Wunused-variable]
 7189 |               const data_expression& t1 = down_cast<data_expression>(arg1[1]);
      |                                      ^~
./jittyc_5970_35640592_3943528750.cpp: In instantiation of ‘static mcrl2::data::data_expression {anonymous}::rewr_functions::rewr_528_3(const DATA_EXPR0&, const DATA_EXPR1&, const DATA_EXPR2&, mcrl2::data::detail::RewriterCompilingJitty*) [with DATA_EXPR0 = term_not_in_normal_form; DATA_EXPR1 = term_not_in_normal_form; DATA_EXPR2 = term_not_in_normal_form]’:
./jittyc_5970_35640592_3943528750.cpp:7709:129:   required from here
./jittyc_5970_35640592_3943528750.cpp:7351:44: warning: unused variable ‘t4’ [-Wunused-variable]
 7351 |                     const data_expression& t4 = down_cast<data_expression>(arg2[1]);
      |                                            ^~
./jittyc_5970_35640592_3943528750.cpp:7365:44: warning: unused variable ‘t4’ [-Wunused-variable]
 7365 |                     const data_expression& t4 = down_cast<data_expression>(arg2[1]);
      |                                            ^~
./jittyc_5970_35640592_3943528750.cpp:7337:36: warning: unused variable ‘t2’ [-Wunused-variable]
 7337 |             const data_expression& t2 = down_cast<data_expression>(arg1[1]);
      |                                    ^~
./jittyc_5970_35640592_3943528750.cpp:7397:46: warning: unused variable ‘t4’ [-Wunused-variable]
 7397 |                       const data_expression& t4 = down_cast<data_expression>(arg2[1]);
      |                                              ^~
./jittyc_5970_35640592_3943528750.cpp:7411:46: warning: unused variable ‘t4’ [-Wunused-variable]
 7411 |                       const data_expression& t4 = down_cast<data_expression>(arg2[1]);
      |                                              ^~
./jittyc_5970_35640592_3943528750.cpp:7383:38: warning: unused variable ‘t2’ [-Wunused-variable]
 7383 |               const data_expression& t2 = down_cast<data_expression>(arg1[1]);
      |                                      ^~
./jittyc_5970_35640592_3943528750.cpp:7487:46: warning: unused variable ‘t4’ [-Wunused-variable]
 7487 |                       const data_expression& t4 = down_cast<data_expression>(arg2[1]);
      |                                              ^~
./jittyc_5970_35640592_3943528750.cpp:7501:46: warning: unused variable ‘t4’ [-Wunused-variable]
 7501 |                       const data_expression& t4 = down_cast<data_expression>(arg2[1]);
      |                                              ^~
./jittyc_5970_35640592_3943528750.cpp:7473:38: warning: unused variable ‘t2’ [-Wunused-variable]
 7473 |               const data_expression& t2 = down_cast<data_expression>(arg1[1]);
      |                                      ^~
./jittyc_5970_35640592_3943528750.cpp:7533:48: warning: unused variable ‘t4’ [-Wunused-variable]
 7533 |                         const data_expression& t4 = down_cast<data_expression>(arg2[1]);
      |                                                ^~
./jittyc_5970_35640592_3943528750.cpp:7547:48: warning: unused variable ‘t4’ [-Wunused-variable]
 7547 |                         const data_expression& t4 = down_cast<data_expression>(arg2[1]);
      |                                                ^~
./jittyc_5970_35640592_3943528750.cpp:7519:40: warning: unused variable ‘t2’ [-Wunused-variable]
 7519 |                 const data_expression& t2 = down_cast<data_expression>(arg1[1]);
      |                                        ^~
./jittyc_5970_35640592_3943528750.cpp:7614:44: warning: unused variable ‘t3’ [-Wunused-variable]
 7614 |                     const data_expression& t3 = down_cast<data_expression>(arg2[1]);
      |                                            ^~
./jittyc_5970_35640592_3943528750.cpp:7628:44: warning: unused variable ‘t3’ [-Wunused-variable]
 7628 |                     const data_expression& t3 = down_cast<data_expression>(arg2[1]);
      |                                            ^~
./jittyc_5970_35640592_3943528750.cpp:7606:38: warning: unused variable ‘t1’ [-Wunused-variable]
 7606 |               const data_expression& t1 = down_cast<data_expression>(arg1[1]);
      |                                      ^~
./jittyc_5970_35640592_3943528750.cpp:7653:46: warning: unused variable ‘t3’ [-Wunused-variable]
 7653 |                       const data_expression& t3 = down_cast<data_expression>(arg2[1]);
      |                                              ^~
./jittyc_5970_35640592_3943528750.cpp:7667:46: warning: unused variable ‘t3’ [-Wunused-variable]
 7667 |                       const data_expression& t3 = down_cast<data_expression>(arg2[1]);
      |                                              ^~
./jittyc_5970_35640592_3943528750.cpp:7645:40: warning: unused variable ‘t1’ [-Wunused-variable]
 7645 |                 const data_expression& t1 = down_cast<data_expression>(arg1[1]);
      |                                        ^~
./jittyc_5970_35640592_3943528750.cpp: In instantiation of ‘static mcrl2::data::data_expression {anonymous}::rewr_functions::rewr_528_3(const DATA_EXPR0&, const DATA_EXPR1&, const DATA_EXPR2&, mcrl2::data::detail::RewriterCompilingJitty*) [with DATA_EXPR0 = mcrl2::data::data_expression; DATA_EXPR1 = mcrl2::data::data_expression; DATA_EXPR2 = mcrl2::data::data_expression]’:
./jittyc_5970_35640592_3943528750.cpp:7711:148:   required from here
./jittyc_5970_35640592_3943528750.cpp:7351:44: warning: unused variable ‘t4’ [-Wunused-variable]
 7351 |                     const data_expression& t4 = down_cast<data_expression>(arg2[1]);
      |                                            ^~
./jittyc_5970_35640592_3943528750.cpp:7365:44: warning: unused variable ‘t4’ [-Wunused-variable]
 7365 |                     const data_expression& t4 = down_cast<data_expression>(arg2[1]);
      |                                            ^~
./jittyc_5970_35640592_3943528750.cpp:7337:36: warning: unused variable ‘t2’ [-Wunused-variable]
 7337 |             const data_expression& t2 = down_cast<data_expression>(arg1[1]);
      |                                    ^~
./jittyc_5970_35640592_3943528750.cpp:7397:46: warning: unused variable ‘t4’ [-Wunused-variable]
 7397 |                       const data_expression& t4 = down_cast<data_expression>(arg2[1]);
      |                                              ^~
./jittyc_5970_35640592_3943528750.cpp:7411:46: warning: unused variable ‘t4’ [-Wunused-variable]
 7411 |                       const data_expression& t4 = down_cast<data_expression>(arg2[1]);
      |                                              ^~
./jittyc_5970_35640592_3943528750.cpp:7383:38: warning: unused variable ‘t2’ [-Wunused-variable]
 7383 |               const data_expression& t2 = down_cast<data_expression>(arg1[1]);
      |                                      ^~
./jittyc_5970_35640592_3943528750.cpp:7487:46: warning: unused variable ‘t4’ [-Wunused-variable]
 7487 |                       const data_expression& t4 = down_cast<data_expression>(arg2[1]);
      |                                              ^~
./jittyc_5970_35640592_3943528750.cpp:7501:46: warning: unused variable ‘t4’ [-Wunused-variable]
 7501 |                       const data_expression& t4 = down_cast<data_expression>(arg2[1]);
      |                                              ^~
./jittyc_5970_35640592_3943528750.cpp:7473:38: warning: unused variable ‘t2’ [-Wunused-variable]
 7473 |               const data_expression& t2 = down_cast<data_expression>(arg1[1]);
      |                                      ^~
./jittyc_5970_35640592_3943528750.cpp:7533:48: warning: unused variable ‘t4’ [-Wunused-variable]
 7533 |                         const data_expression& t4 = down_cast<data_expression>(arg2[1]);
      |                                                ^~
./jittyc_5970_35640592_3943528750.cpp:7547:48: warning: unused variable ‘t4’ [-Wunused-variable]
 7547 |                         const data_expression& t4 = down_cast<data_expression>(arg2[1]);
      |                                                ^~
./jittyc_5970_35640592_3943528750.cpp:7519:40: warning: unused variable ‘t2’ [-Wunused-variable]
 7519 |                 const data_expression& t2 = down_cast<data_expression>(arg1[1]);
      |                                        ^~
./jittyc_5970_35640592_3943528750.cpp:7614:44: warning: unused variable ‘t3’ [-Wunused-variable]
 7614 |                     const data_expression& t3 = down_cast<data_expression>(arg2[1]);
      |                                            ^~
./jittyc_5970_35640592_3943528750.cpp:7628:44: warning: unused variable ‘t3’ [-Wunused-variable]
 7628 |                     const data_expression& t3 = down_cast<data_expression>(arg2[1]);
      |                                            ^~
./jittyc_5970_35640592_3943528750.cpp:7606:38: warning: unused variable ‘t1’ [-Wunused-variable]
 7606 |               const data_expression& t1 = down_cast<data_expression>(arg1[1]);
      |                                      ^~
./jittyc_5970_35640592_3943528750.cpp:7653:46: warning: unused variable ‘t3’ [-Wunused-variable]
 7653 |                       const data_expression& t3 = down_cast<data_expression>(arg2[1]);
      |                                              ^~
./jittyc_5970_35640592_3943528750.cpp:7667:46: warning: unused variable ‘t3’ [-Wunused-variable]
 7667 |                       const data_expression& t3 = down_cast<data_expression>(arg2[1]);
      |                                              ^~
./jittyc_5970_35640592_3943528750.cpp:7645:40: warning: unused variable ‘t1’ [-Wunused-variable]
 7645 |                 const data_expression& t1 = down_cast<data_expression>(arg1[1]);
      |                                        ^~
./jittyc_5970_35640592_3943528750.cpp: In instantiation of ‘static mcrl2::data::data_expression {anonymous}::rewr_functions::rewr_527_1(const DATA_EXPR0&, mcrl2::data::detail::RewriterCompilingJitty*) [with DATA_EXPR0 = term_not_in_normal_form]’:
./jittyc_5970_35640592_3943528750.cpp:7771:129:   required from here
./jittyc_5970_35640592_3943528750.cpp:7740:34: warning: unused variable ‘t1’ [-Wunused-variable]
 7740 |           const data_expression& t1 = down_cast<data_expression>(arg0[1]);
      |                                  ^~
./jittyc_5970_35640592_3943528750.cpp:7748:36: warning: unused variable ‘t1’ [-Wunused-variable]
 7748 |             const data_expression& t1 = down_cast<data_expression>(arg0[1]);
      |                                    ^~
./jittyc_5970_35640592_3943528750.cpp: In instantiation of ‘static mcrl2::data::data_expression {anonymous}::rewr_functions::rewr_527_1(const DATA_EXPR0&, mcrl2::data::detail::RewriterCompilingJitty*) [with DATA_EXPR0 = mcrl2::data::data_expression]’:
./jittyc_5970_35640592_3943528750.cpp:7773:148:   required from here
./jittyc_5970_35640592_3943528750.cpp:7740:34: warning: unused variable ‘t1’ [-Wunused-variable]
 7740 |           const data_expression& t1 = down_cast<data_expression>(arg0[1]);
      |                                  ^~
./jittyc_5970_35640592_3943528750.cpp:7748:36: warning: unused variable ‘t1’ [-Wunused-variable]
 7748 |             const data_expression& t1 = down_cast<data_expression>(arg0[1]);
      |                                    ^~
./jittyc_5970_35640592_3943528750.cpp: In instantiation of ‘static mcrl2::data::data_expression {anonymous}::rewr_functions::rewr_431_2(const DATA_EXPR0&, const DATA_EXPR1&, mcrl2::data::detail::RewriterCompilingJitty*) [with DATA_EXPR0 = term_not_in_normal_form; DATA_EXPR1 = term_not_in_normal_form]’:
./jittyc_5970_35640592_3943528750.cpp:8257:129:   required from here
./jittyc_5970_35640592_3943528750.cpp:8050:44: warning: unused variable ‘t3’ [-Wunused-variable]
 8050 |                     const data_expression& t3 = down_cast<data_expression>(arg1[1]);
      |                                            ^~
./jittyc_5970_35640592_3943528750.cpp:8063:44: warning: unused variable ‘t3’ [-Wunused-variable]
 8063 |                     const data_expression& t3 = down_cast<data_expression>(arg1[1]);
      |                                            ^~
./jittyc_5970_35640592_3943528750.cpp:8030:34: warning: unused variable ‘t1’ [-Wunused-variable]
 8030 |           const data_expression& t1 = down_cast<data_expression>(arg0[1]);
      |                                  ^~
./jittyc_5970_35640592_3943528750.cpp:8109:46: warning: unused variable ‘t3’ [-Wunused-variable]
 8109 |                       const data_expression& t3 = down_cast<data_expression>(arg1[1]);
      |                                              ^~
./jittyc_5970_35640592_3943528750.cpp:8122:46: warning: unused variable ‘t3’ [-Wunused-variable]
 8122 |                       const data_expression& t3 = down_cast<data_expression>(arg1[1]);
      |                                              ^~
./jittyc_5970_35640592_3943528750.cpp:8089:36: warning: unused variable ‘t1’ [-Wunused-variable]
 8089 |             const data_expression& t1 = down_cast<data_expression>(arg0[1]);
      |                                    ^~
./jittyc_5970_35640592_3943528750.cpp: In instantiation of ‘static mcrl2::data::data_expression {anonymous}::rewr_functions::rewr_431_2(const DATA_EXPR0&, const DATA_EXPR1&, mcrl2::data::detail::RewriterCompilingJitty*) [with DATA_EXPR0 = mcrl2::data::data_expression; DATA_EXPR1 = mcrl2::data::data_expression]’:
./jittyc_5970_35640592_3943528750.cpp:8259:148:   required from here
./jittyc_5970_35640592_3943528750.cpp:8050:44: warning: unused variable ‘t3’ [-Wunused-variable]
 8050 |                     const data_expression& t3 = down_cast<data_expression>(arg1[1]);
      |                                            ^~
./jittyc_5970_35640592_3943528750.cpp:8063:44: warning: unused variable ‘t3’ [-Wunused-variable]
 8063 |                     const data_expression& t3 = down_cast<data_expression>(arg1[1]);
      |                                            ^~
./jittyc_5970_35640592_3943528750.cpp:8030:34: warning: unused variable ‘t1’ [-Wunused-variable]
 8030 |           const data_expression& t1 = down_cast<data_expression>(arg0[1]);
      |                                  ^~
./jittyc_5970_35640592_3943528750.cpp:8109:46: warning: unused variable ‘t3’ [-Wunused-variable]
 8109 |                       const data_expression& t3 = down_cast<data_expression>(arg1[1]);
      |                                              ^~
./jittyc_5970_35640592_3943528750.cpp:8122:46: warning: unused variable ‘t3’ [-Wunused-variable]
 8122 |                       const data_expression& t3 = down_cast<data_expression>(arg1[1]);
      |                                              ^~
./jittyc_5970_35640592_3943528750.cpp:8089:36: warning: unused variable ‘t1’ [-Wunused-variable]
 8089 |             const data_expression& t1 = down_cast<data_expression>(arg0[1]);
      |                                    ^~
./jittyc_5970_35640592_3943528750.cpp: In instantiation of ‘static mcrl2::data::data_expression {anonymous}::rewr_functions::rewr_511_1(const DATA_EXPR0&, mcrl2::data::detail::RewriterCompilingJitty*) [with DATA_EXPR0 = term_not_in_normal_form]’:
./jittyc_5970_35640592_3943528750.cpp:9671:129:   required from here
./jittyc_5970_35640592_3943528750.cpp:9649:36: warning: unused variable ‘t1’ [-Wunused-variable]
 9649 |             const data_expression& t1 = down_cast<data_expression>(arg0[1]);
      |                                    ^~
./jittyc_5970_35640592_3943528750.cpp: In instantiation of ‘static mcrl2::data::data_expression {anonymous}::rewr_functions::rewr_511_1(const DATA_EXPR0&, mcrl2::data::detail::RewriterCompilingJitty*) [with DATA_EXPR0 = mcrl2::data::data_expression]’:
./jittyc_5970_35640592_3943528750.cpp:9673:148:   required from here
./jittyc_5970_35640592_3943528750.cpp:9649:36: warning: unused variable ‘t1’ [-Wunused-variable]
./jittyc_5970_35640592_3943528750.cpp: In instantiation of ‘static mcrl2::data::data_expression {anonymous}::rewr_functions::rewr_509_2(const DATA_EXPR0&, const DATA_EXPR1&, mcrl2::data::detail::RewriterCompilingJitty*) [with DATA_EXPR0 = term_not_in_normal_form; DATA_EXPR1 = term_not_in_normal_form]’:
./jittyc_5970_35640592_3943528750.cpp:9835:129:   required from here
./jittyc_5970_35640592_3943528750.cpp:9782:36: warning: unused variable ‘t1’ [-Wunused-variable]
 9782 |             const data_expression& t1 = down_cast<data_expression>(arg1[1]);
      |                                    ^~
./jittyc_5970_35640592_3943528750.cpp:9807:36: warning: unused variable ‘t2’ [-Wunused-variable]
 9807 |             const data_expression& t2 = down_cast<data_expression>(t1[1]);
      |                                    ^~
./jittyc_5970_35640592_3943528750.cpp:9815:38: warning: unused variable ‘t2’ [-Wunused-variable]
 9815 |               const data_expression& t2 = down_cast<data_expression>(t1[1]);
      |                                      ^~
./jittyc_5970_35640592_3943528750.cpp: In instantiation of ‘static mcrl2::data::data_expression {anonymous}::rewr_functions::rewr_509_2(const DATA_EXPR0&, const DATA_EXPR1&, mcrl2::data::detail::RewriterCompilingJitty*) [with DATA_EXPR0 = mcrl2::data::data_expression; DATA_EXPR1 = mcrl2::data::data_expression]’:
./jittyc_5970_35640592_3943528750.cpp:9837:148:   required from here
./jittyc_5970_35640592_3943528750.cpp:9782:36: warning: unused variable ‘t1’ [-Wunused-variable]
 9782 |             const data_expression& t1 = down_cast<data_expression>(arg1[1]);
      |                                    ^~
./jittyc_5970_35640592_3943528750.cpp:9807:36: warning: unused variable ‘t2’ [-Wunused-variable]
 9807 |             const data_expression& t2 = down_cast<data_expression>(t1[1]);
      |                                    ^~
./jittyc_5970_35640592_3943528750.cpp:9815:38: warning: unused variable ‘t2’ [-Wunused-variable]
 9815 |               const data_expression& t2 = down_cast<data_expression>(t1[1]);
      |                                      ^~
./jittyc_5970_35640592_3943528750.cpp: In instantiation of ‘static mcrl2::data::data_expression {anonymous}::rewr_functions::rewr_505_3(const DATA_EXPR0&, const DATA_EXPR1&, const DATA_EXPR2&, mcrl2::data::detail::RewriterCompilingJitty*) [with DATA_EXPR0 = term_not_in_normal_form; DATA_EXPR1 = term_not_in_normal_form; DATA_EXPR2 = term_not_in_normal_form]’:
./jittyc_5970_35640592_3943528750.cpp:10192:129:   required from here
./jittyc_5970_35640592_3943528750.cpp:10099:40: warning: unused variable ‘t3’ [-Wunused-variable]
10099 |                 const data_expression& t3 = down_cast<data_expression>(arg2[1]);
      |                                        ^~
./jittyc_5970_35640592_3943528750.cpp:10113:40: warning: unused variable ‘t3’ [-Wunused-variable]
10113 |                 const data_expression& t3 = down_cast<data_expression>(arg2[1]);
      |                                        ^~
./jittyc_5970_35640592_3943528750.cpp:10091:34: warning: unused variable ‘t1’ [-Wunused-variable]
10091 |           const data_expression& t1 = down_cast<data_expression>(arg1[1]);
      |                                  ^~
./jittyc_5970_35640592_3943528750.cpp:10138:42: warning: unused variable ‘t3’ [-Wunused-variable]
10138 |                   const data_expression& t3 = down_cast<data_expression>(arg2[1]);
      |                                          ^~
./jittyc_5970_35640592_3943528750.cpp:10152:42: warning: unused variable ‘t3’ [-Wunused-variable]
10152 |                   const data_expression& t3 = down_cast<data_expression>(arg2[1]);
      |                                          ^~
./jittyc_5970_35640592_3943528750.cpp:10130:36: warning: unused variable ‘t1’ [-Wunused-variable]
10130 |             const data_expression& t1 = down_cast<data_expression>(arg1[1]);
      |                                    ^~
./jittyc_5970_35640592_3943528750.cpp: In instantiation of ‘static mcrl2::data::data_expression {anonymous}::rewr_functions::rewr_505_3(const DATA_EXPR0&, const DATA_EXPR1&, const DATA_EXPR2&, mcrl2::data::detail::RewriterCompilingJitty*) [with DATA_EXPR0 = mcrl2::data::data_expression; DATA_EXPR1 = mcrl2::data::data_expression; DATA_EXPR2 = mcrl2::data::data_expression]’:
./jittyc_5970_35640592_3943528750.cpp:10194:148:   required from here
./jittyc_5970_35640592_3943528750.cpp:10099:40: warning: unused variable ‘t3’ [-Wunused-variable]
10099 |                 const data_expression& t3 = down_cast<data_expression>(arg2[1]);
      |                                        ^~
./jittyc_5970_35640592_3943528750.cpp:10113:40: warning: unused variable ‘t3’ [-Wunused-variable]
10113 |                 const data_expression& t3 = down_cast<data_expression>(arg2[1]);
      |                                        ^~
./jittyc_5970_35640592_3943528750.cpp:10091:34: warning: unused variable ‘t1’ [-Wunused-variable]
10091 |           const data_expression& t1 = down_cast<data_expression>(arg1[1]);
      |                                  ^~
./jittyc_5970_35640592_3943528750.cpp:10138:42: warning: unused variable ‘t3’ [-Wunused-variable]
10138 |                   const data_expression& t3 = down_cast<data_expression>(arg2[1]);
      |                                          ^~
./jittyc_5970_35640592_3943528750.cpp:10152:42: warning: unused variable ‘t3’ [-Wunused-variable]
10152 |                   const data_expression& t3 = down_cast<data_expression>(arg2[1]);
      |                                          ^~
./jittyc_5970_35640592_3943528750.cpp:10130:36: warning: unused variable ‘t1’ [-Wunused-variable]
10130 |             const data_expression& t1 = down_cast<data_expression>(arg1[1]);
      |                                    ^~
./jittyc_5970_35640592_3943528750.cpp: In instantiation of ‘static mcrl2::data::data_expression {anonymous}::rewr_functions::rewr_163_1(const DATA_EXPR0&, mcrl2::data::detail::RewriterCompilingJitty*) [with DATA_EXPR0 = term_not_in_normal_form]’:
./jittyc_5970_35640592_3943528750.cpp:30358:129:   required from here
./jittyc_5970_35640592_3943528750.cpp:30334:34: warning: unused variable ‘t1’ [-Wunused-variable]
30334 |           const data_expression& t1 = down_cast<data_expression>(arg0[2]);
      |                                  ^~
./jittyc_5970_35640592_3943528750.cpp: In instantiation of ‘static mcrl2::data::data_expression {anonymous}::rewr_functions::rewr_163_1(const DATA_EXPR0&, mcrl2::data::detail::RewriterCompilingJitty*) [with DATA_EXPR0 = mcrl2::data::data_expression]’:
./jittyc_5970_35640592_3943528750.cpp:30360:148:   required from here
./jittyc_5970_35640592_3943528750.cpp:30334:34: warning: unused variable ‘t1’ [-Wunused-variable]
./jittyc_5970_35640592_3943528750.cpp: In instantiation of ‘static mcrl2::data::data_expression {anonymous}::rewr_functions::rewr_162_1(const DATA_EXPR0&, mcrl2::data::detail::RewriterCompilingJitty*) [with DATA_EXPR0 = term_not_in_normal_form]’:
./jittyc_5970_35640592_3943528750.cpp:30414:129:   required from here
./jittyc_5970_35640592_3943528750.cpp:30390:34: warning: unused variable ‘t1’ [-Wunused-variable]
30390 |           const data_expression& t1 = down_cast<data_expression>(arg0[2]);
      |                                  ^~
./jittyc_5970_35640592_3943528750.cpp: In instantiation of ‘static mcrl2::data::data_expression {anonymous}::rewr_functions::rewr_162_1(const DATA_EXPR0&, mcrl2::data::detail::RewriterCompilingJitty*) [with DATA_EXPR0 = mcrl2::data::data_expression]’:
./jittyc_5970_35640592_3943528750.cpp:30416:148:   required from here
./jittyc_5970_35640592_3943528750.cpp:30390:34: warning: unused variable ‘t1’ [-Wunused-variable]
./jittyc_5970_35640592_3943528750.cpp: In instantiation of ‘static mcrl2::data::data_expression {anonymous}::rewr_functions::rewr_148_1(const DATA_EXPR0&, mcrl2::data::detail::RewriterCompilingJitty*) [with DATA_EXPR0 = term_not_in_normal_form]’:
./jittyc_5970_35640592_3943528750.cpp:31422:129:   required from here
./jittyc_5970_35640592_3943528750.cpp:31398:34: warning: unused variable ‘t1’ [-Wunused-variable]
31398 |           const data_expression& t1 = down_cast<data_expression>(arg0[2]);
      |                                  ^~
./jittyc_5970_35640592_3943528750.cpp: In instantiation of ‘static mcrl2::data::data_expression {anonymous}::rewr_functions::rewr_148_1(const DATA_EXPR0&, mcrl2::data::detail::RewriterCompilingJitty*) [with DATA_EXPR0 = mcrl2::data::data_expression]’:
./jittyc_5970_35640592_3943528750.cpp:31424:148:   required from here
./jittyc_5970_35640592_3943528750.cpp:31398:34: warning: unused variable ‘t1’ [-Wunused-variable]
./jittyc_5970_35640592_3943528750.cpp: In instantiation of ‘static mcrl2::data::data_expression {anonymous}::rewr_functions::rewr_147_1(const DATA_EXPR0&, mcrl2::data::detail::RewriterCompilingJitty*) [with DATA_EXPR0 = term_not_in_normal_form]’:
./jittyc_5970_35640592_3943528750.cpp:31478:129:   required from here
./jittyc_5970_35640592_3943528750.cpp:31454:34: warning: unused variable ‘t1’ [-Wunused-variable]
31454 |           const data_expression& t1 = down_cast<data_expression>(arg0[2]);
      |                                  ^~
./jittyc_5970_35640592_3943528750.cpp: In instantiation of ‘static mcrl2::data::data_expression {anonymous}::rewr_functions::rewr_147_1(const DATA_EXPR0&, mcrl2::data::detail::RewriterCompilingJitty*) [with DATA_EXPR0 = mcrl2::data::data_expression]’:
./jittyc_5970_35640592_3943528750.cpp:31480:148:   required from here
./jittyc_5970_35640592_3943528750.cpp:31454:34: warning: unused variable ‘t1’ [-Wunused-variable]
./jittyc_5970_35640592_3943528750.cpp: In instantiation of ‘static mcrl2::data::data_expression {anonymous}::rewr_functions::rewr_129_1(const DATA_EXPR0&, mcrl2::data::detail::RewriterCompilingJitty*) [with DATA_EXPR0 = term_not_in_normal_form]’:
./jittyc_5970_35640592_3943528750.cpp:32412:129:   required from here
./jittyc_5970_35640592_3943528750.cpp:32388:34: warning: unused variable ‘t1’ [-Wunused-variable]
32388 |           const data_expression& t1 = down_cast<data_expression>(arg0[2]);
      |                                  ^~
./jittyc_5970_35640592_3943528750.cpp: In instantiation of ‘static mcrl2::data::data_expression {anonymous}::rewr_functions::rewr_129_1(const DATA_EXPR0&, mcrl2::data::detail::RewriterCompilingJitty*) [with DATA_EXPR0 = mcrl2::data::data_expression]’:
./jittyc_5970_35640592_3943528750.cpp:32414:148:   required from here
./jittyc_5970_35640592_3943528750.cpp:32388:34: warning: unused variable ‘t1’ [-Wunused-variable]
./jittyc_5970_35640592_3943528750.cpp: In instantiation of ‘static mcrl2::data::data_expression {anonymous}::rewr_functions::rewr_128_1(const DATA_EXPR0&, mcrl2::data::detail::RewriterCompilingJitty*) [with DATA_EXPR0 = term_not_in_normal_form]’:
./jittyc_5970_35640592_3943528750.cpp:32468:129:   required from here
./jittyc_5970_35640592_3943528750.cpp:32444:34: warning: unused variable ‘t1’ [-Wunused-variable]
32444 |           const data_expression& t1 = down_cast<data_expression>(arg0[2]);
      |                                  ^~
./jittyc_5970_35640592_3943528750.cpp: In instantiation of ‘static mcrl2::data::data_expression {anonymous}::rewr_functions::rewr_128_1(const DATA_EXPR0&, mcrl2::data::detail::RewriterCompilingJitty*) [with DATA_EXPR0 = mcrl2::data::data_expression]’:
./jittyc_5970_35640592_3943528750.cpp:32470:148:   required from here
./jittyc_5970_35640592_3943528750.cpp:32444:34: warning: unused variable ‘t1’ [-Wunused-variable]
./jittyc_5970_35640592_3943528750.cpp: In instantiation of ‘static mcrl2::data::data_expression {anonymous}::rewr_functions::rewr_109_1(const DATA_EXPR0&, mcrl2::data::detail::RewriterCompilingJitty*) [with DATA_EXPR0 = term_not_in_normal_form]’:
./jittyc_5970_35640592_3943528750.cpp:33345:129:   required from here
./jittyc_5970_35640592_3943528750.cpp:33321:34: warning: unused variable ‘t1’ [-Wunused-variable]
33321 |           const data_expression& t1 = down_cast<data_expression>(arg0[2]);
      |                                  ^~
./jittyc_5970_35640592_3943528750.cpp: In instantiation of ‘static mcrl2::data::data_expression {anonymous}::rewr_functions::rewr_109_1(const DATA_EXPR0&, mcrl2::data::detail::RewriterCompilingJitty*) [with DATA_EXPR0 = mcrl2::data::data_expression]’:
./jittyc_5970_35640592_3943528750.cpp:33347:148:   required from here
./jittyc_5970_35640592_3943528750.cpp:33321:34: warning: unused variable ‘t1’ [-Wunused-variable]
./jittyc_5970_35640592_3943528750.cpp: In instantiation of ‘static mcrl2::data::data_expression {anonymous}::rewr_functions::rewr_108_1(const DATA_EXPR0&, mcrl2::data::detail::RewriterCompilingJitty*) [with DATA_EXPR0 = term_not_in_normal_form]’:
./jittyc_5970_35640592_3943528750.cpp:33401:129:   required from here
./jittyc_5970_35640592_3943528750.cpp:33377:34: warning: unused variable ‘t1’ [-Wunused-variable]
33377 |           const data_expression& t1 = down_cast<data_expression>(arg0[2]);
      |                                  ^~
./jittyc_5970_35640592_3943528750.cpp: In instantiation of ‘static mcrl2::data::data_expression {anonymous}::rewr_functions::rewr_108_1(const DATA_EXPR0&, mcrl2::data::detail::RewriterCompilingJitty*) [with DATA_EXPR0 = mcrl2::data::data_expression]’:
./jittyc_5970_35640592_3943528750.cpp:33403:148:   required from here
./jittyc_5970_35640592_3943528750.cpp:33377:34: warning: unused variable ‘t1’ [-Wunused-variable]
./jittyc_5970_35640592_3943528750.cpp: In instantiation of ‘static mcrl2::data::data_expression {anonymous}::rewr_functions::rewr_528_3(const DATA_EXPR0&, const DATA_EXPR1&, const DATA_EXPR2&, mcrl2::data::detail::RewriterCompilingJitty*) [with DATA_EXPR0 = mcrl2::data::data_expression; DATA_EXPR1 = mcrl2::data::data_expression; DATA_EXPR2 = term_not_in_normal_form]’:
./jittyc_5970_35640592_3943528750.cpp:6837:24:   required from ‘static mcrl2::data::data_expression {anonymous}::rewr_functions::rewr_539_2(const DATA_EXPR0&, const DATA_EXPR1&, mcrl2::data::detail::RewriterCompilingJitty*) [with DATA_EXPR0 = term_not_in_normal_form; DATA_EXPR1 = term_not_in_normal_form]’
./jittyc_5970_35640592_3943528750.cpp:6842:129:   required from here
./jittyc_5970_35640592_3943528750.cpp:7351:44: warning: unused variable ‘t4’ [-Wunused-variable]
 7351 |                     const data_expression& t4 = down_cast<data_expression>(arg2[1]);
      |                                            ^~
./jittyc_5970_35640592_3943528750.cpp:7365:44: warning: unused variable ‘t4’ [-Wunused-variable]
 7365 |                     const data_expression& t4 = down_cast<data_expression>(arg2[1]);
      |                                            ^~
./jittyc_5970_35640592_3943528750.cpp:7337:36: warning: unused variable ‘t2’ [-Wunused-variable]
 7337 |             const data_expression& t2 = down_cast<data_expression>(arg1[1]);
      |                                    ^~
./jittyc_5970_35640592_3943528750.cpp:7397:46: warning: unused variable ‘t4’ [-Wunused-variable]
 7397 |                       const data_expression& t4 = down_cast<data_expression>(arg2[1]);
      |                                              ^~
./jittyc_5970_35640592_3943528750.cpp:7411:46: warning: unused variable ‘t4’ [-Wunused-variable]
 7411 |                       const data_expression& t4 = down_cast<data_expression>(arg2[1]);
      |                                              ^~
./jittyc_5970_35640592_3943528750.cpp:7383:38: warning: unused variable ‘t2’ [-Wunused-variable]
 7383 |               const data_expression& t2 = down_cast<data_expression>(arg1[1]);
      |                                      ^~
./jittyc_5970_35640592_3943528750.cpp:7487:46: warning: unused variable ‘t4’ [-Wunused-variable]
 7487 |                       const data_expression& t4 = down_cast<data_expression>(arg2[1]);
      |                                              ^~
./jittyc_5970_35640592_3943528750.cpp:7501:46: warning: unused variable ‘t4’ [-Wunused-variable]
 7501 |                       const data_expression& t4 = down_cast<data_expression>(arg2[1]);
      |                                              ^~
./jittyc_5970_35640592_3943528750.cpp:7473:38: warning: unused variable ‘t2’ [-Wunused-variable]
 7473 |               const data_expression& t2 = down_cast<data_expression>(arg1[1]);
      |                                      ^~
./jittyc_5970_35640592_3943528750.cpp:7533:48: warning: unused variable ‘t4’ [-Wunused-variable]
 7533 |                         const data_expression& t4 = down_cast<data_expression>(arg2[1]);
      |                                                ^~
./jittyc_5970_35640592_3943528750.cpp:7547:48: warning: unused variable ‘t4’ [-Wunused-variable]
 7547 |                         const data_expression& t4 = down_cast<data_expression>(arg2[1]);
      |                                                ^~
./jittyc_5970_35640592_3943528750.cpp:7519:40: warning: unused variable ‘t2’ [-Wunused-variable]
 7519 |                 const data_expression& t2 = down_cast<data_expression>(arg1[1]);
      |                                        ^~
./jittyc_5970_35640592_3943528750.cpp:7614:44: warning: unused variable ‘t3’ [-Wunused-variable]
 7614 |                     const data_expression& t3 = down_cast<data_expression>(arg2[1]);
      |                                            ^~
./jittyc_5970_35640592_3943528750.cpp:7628:44: warning: unused variable ‘t3’ [-Wunused-variable]
 7628 |                     const data_expression& t3 = down_cast<data_expression>(arg2[1]);
      |                                            ^~
./jittyc_5970_35640592_3943528750.cpp:7606:38: warning: unused variable ‘t1’ [-Wunused-variable]
 7606 |               const data_expression& t1 = down_cast<data_expression>(arg1[1]);
      |                                      ^~
./jittyc_5970_35640592_3943528750.cpp:7653:46: warning: unused variable ‘t3’ [-Wunused-variable]
 7653 |                       const data_expression& t3 = down_cast<data_expression>(arg2[1]);
      |                                              ^~
./jittyc_5970_35640592_3943528750.cpp:7667:46: warning: unused variable ‘t3’ [-Wunused-variable]
 7667 |                       const data_expression& t3 = down_cast<data_expression>(arg2[1]);
      |                                              ^~
./jittyc_5970_35640592_3943528750.cpp:7645:40: warning: unused variable ‘t1’ [-Wunused-variable]
 7645 |                 const data_expression& t1 = down_cast<data_expression>(arg1[1]);
      |                                        ^~
./jittyc_5970_35640592_3943528750.cpp: In instantiation of ‘static mcrl2::data::data_expression {anonymous}::rewr_functions::rewr_529_2(const DATA_EXPR0&, const DATA_EXPR1&, mcrl2::data::detail::RewriterCompilingJitty*) [with DATA_EXPR0 = mcrl2::data::data_expression; DATA_EXPR1 = term_not_in_normal_form]’:
./jittyc_5970_35640592_3943528750.cpp:7089:97:   required from ‘static mcrl2::data::data_expression {anonymous}::rewr_functions::rewr_529_2(const DATA_EXPR0&, const DATA_EXPR1&, mcrl2::data::detail::RewriterCompilingJitty*) [with DATA_EXPR0 = term_not_in_normal_form; DATA_EXPR1 = term_not_in_normal_form]’
./jittyc_5970_35640592_3943528750.cpp:7206:129:   required from here
./jittyc_5970_35640592_3943528750.cpp:7086:34: warning: unused variable ‘t1’ [-Wunused-variable]
 7086 |           const data_expression& t1 = down_cast<data_expression>(arg0[1]);
      |                                  ^~
./jittyc_5970_35640592_3943528750.cpp:7129:40: warning: unused variable ‘t3’ [-Wunused-variable]
 7129 |                 const data_expression& t3 = down_cast<data_expression>(arg1[1]);
      |                                        ^~
./jittyc_5970_35640592_3943528750.cpp:7137:42: warning: unused variable ‘t3’ [-Wunused-variable]
 7137 |                   const data_expression& t3 = down_cast<data_expression>(arg1[1]);
      |                                          ^~
./jittyc_5970_35640592_3943528750.cpp:7117:34: warning: unused variable ‘t1’ [-Wunused-variable]
 7117 |           const data_expression& t1 = down_cast<data_expression>(arg0[1]);
      |                                  ^~
./jittyc_5970_35640592_3943528750.cpp:7163:40: warning: unused variable ‘t2’ [-Wunused-variable]
 7163 |                 const data_expression& t2 = down_cast<data_expression>(arg1[1]);
      |                                        ^~
./jittyc_5970_35640592_3943528750.cpp:7189:38: warning: unused variable ‘t1’ [-Wunused-variable]
 7189 |               const data_expression& t1 = down_cast<data_expression>(arg1[1]);
      |                                      ^~
./jittyc_5970_35640592_3943528750.cpp: In instantiation of ‘static mcrl2::data::data_expression {anonymous}::rewr_functions::rewr_528_3(const DATA_EXPR0&, const DATA_EXPR1&, const DATA_EXPR2&, mcrl2::data::detail::RewriterCompilingJitty*) [with DATA_EXPR0 = mcrl2::data::data_expression; DATA_EXPR1 = mcrl2::data::data_expression; DATA_EXPR2 = delayed_rewr_528_3<mcrl2::data::data_expression, mcrl2::data::data_expression, delayed_rewr_91_2<mcrl2::data::data_expression, delayed_rewr_529_2<mcrl2::data::data_expression, mcrl2::data::data_expression> > >]’:
./jittyc_5970_35640592_3943528750.cpp:7131:103:   required from ‘static mcrl2::data::data_expression {anonymous}::rewr_functions::rewr_529_2(const DATA_EXPR0&, const DATA_EXPR1&, mcrl2::data::detail::RewriterCompilingJitty*) [with DATA_EXPR0 = term_not_in_normal_form; DATA_EXPR1 = term_not_in_normal_form]’
./jittyc_5970_35640592_3943528750.cpp:7206:129:   required from here
./jittyc_5970_35640592_3943528750.cpp:7351:44: warning: unused variable ‘t4’ [-Wunused-variable]
 7351 |                     const data_expression& t4 = down_cast<data_expression>(arg2[1]);
      |                                            ^~
./jittyc_5970_35640592_3943528750.cpp:7365:44: warning: unused variable ‘t4’ [-Wunused-variable]
 7365 |                     const data_expression& t4 = down_cast<data_expression>(arg2[1]);
      |                                            ^~
./jittyc_5970_35640592_3943528750.cpp:7337:36: warning: unused variable ‘t2’ [-Wunused-variable]
 7337 |             const data_expression& t2 = down_cast<data_expression>(arg1[1]);
      |                                    ^~
./jittyc_5970_35640592_3943528750.cpp:7397:46: warning: unused variable ‘t4’ [-Wunused-variable]
 7397 |                       const data_expression& t4 = down_cast<data_expression>(arg2[1]);
      |                                              ^~
./jittyc_5970_35640592_3943528750.cpp:7411:46: warning: unused variable ‘t4’ [-Wunused-variable]
 7411 |                       const data_expression& t4 = down_cast<data_expression>(arg2[1]);
      |                                              ^~
./jittyc_5970_35640592_3943528750.cpp:7383:38: warning: unused variable ‘t2’ [-Wunused-variable]
 7383 |               const data_expression& t2 = down_cast<data_expression>(arg1[1]);
      |                                      ^~
./jittyc_5970_35640592_3943528750.cpp:7487:46: warning: unused variable ‘t4’ [-Wunused-variable]
 7487 |                       const data_expression& t4 = down_cast<data_expression>(arg2[1]);
      |                                              ^~
./jittyc_5970_35640592_3943528750.cpp:7501:46: warning: unused variable ‘t4’ [-Wunused-variable]
 7501 |                       const data_expression& t4 = down_cast<data_expression>(arg2[1]);
      |                                              ^~
./jittyc_5970_35640592_3943528750.cpp:7473:38: warning: unused variable ‘t2’ [-Wunused-variable]
 7473 |               const data_expression& t2 = down_cast<data_expression>(arg1[1]);
      |                                      ^~
./jittyc_5970_35640592_3943528750.cpp:7533:48: warning: unused variable ‘t4’ [-Wunused-variable]
 7533 |                         const data_expression& t4 = down_cast<data_expression>(arg2[1]);
      |                                                ^~
./jittyc_5970_35640592_3943528750.cpp:7547:48: warning: unused variable ‘t4’ [-Wunused-variable]
 7547 |                         const data_expression& t4 = down_cast<data_expression>(arg2[1]);
      |                                                ^~
./jittyc_5970_35640592_3943528750.cpp:7519:40: warning: unused variable ‘t2’ [-Wunused-variable]
 7519 |                 const data_expression& t2 = down_cast<data_expression>(arg1[1]);
      |                                        ^~
./jittyc_5970_35640592_3943528750.cpp:7614:44: warning: unused variable ‘t3’ [-Wunused-variable]
 7614 |                     const data_expression& t3 = down_cast<data_expression>(arg2[1]);
      |                                            ^~
./jittyc_5970_35640592_3943528750.cpp:7628:44: warning: unused variable ‘t3’ [-Wunused-variable]
 7628 |                     const data_expression& t3 = down_cast<data_expression>(arg2[1]);
      |                                            ^~
./jittyc_5970_35640592_3943528750.cpp:7606:38: warning: unused variable ‘t1’ [-Wunused-variable]
 7606 |               const data_expression& t1 = down_cast<data_expression>(arg1[1]);
      |                                      ^~
./jittyc_5970_35640592_3943528750.cpp:7653:46: warning: unused variable ‘t3’ [-Wunused-variable]
 7653 |                       const data_expression& t3 = down_cast<data_expression>(arg2[1]);
      |                                              ^~
./jittyc_5970_35640592_3943528750.cpp:7667:46: warning: unused variable ‘t3’ [-Wunused-variable]
 7667 |                       const data_expression& t3 = down_cast<data_expression>(arg2[1]);
      |                                              ^~
./jittyc_5970_35640592_3943528750.cpp:7645:40: warning: unused variable ‘t1’ [-Wunused-variable]
 7645 |                 const data_expression& t1 = down_cast<data_expression>(arg1[1]);
      |                                        ^~
./jittyc_5970_35640592_3943528750.cpp: In instantiation of ‘static mcrl2::data::data_expression {anonymous}::rewr_functions::rewr_509_2(const DATA_EXPR0&, const DATA_EXPR1&, mcrl2::data::detail::RewriterCompilingJitty*) [with DATA_EXPR0 = delayed_rewr_529_2<mcrl2::data::data_expression, mcrl2::data::data_expression>; DATA_EXPR1 = mcrl2::data::data_expression]’:
./jittyc_5970_35640592_3943528750.cpp:9809:30:   required from ‘static mcrl2::data::data_expression {anonymous}::rewr_functions::rewr_509_2(const DATA_EXPR0&, const DATA_EXPR1&, mcrl2::data::detail::RewriterCompilingJitty*) [with DATA_EXPR0 = term_not_in_normal_form; DATA_EXPR1 = term_not_in_normal_form]’
./jittyc_5970_35640592_3943528750.cpp:9835:129:   required from here
./jittyc_5970_35640592_3943528750.cpp:9782:36: warning: unused variable ‘t1’ [-Wunused-variable]
 9782 |             const data_expression& t1 = down_cast<data_expression>(arg1[1]);
      |                                    ^~
./jittyc_5970_35640592_3943528750.cpp:9807:36: warning: unused variable ‘t2’ [-Wunused-variable]
 9807 |             const data_expression& t2 = down_cast<data_expression>(t1[1]);
      |                                    ^~
./jittyc_5970_35640592_3943528750.cpp:9815:38: warning: unused variable ‘t2’ [-Wunused-variable]
 9815 |               const data_expression& t2 = down_cast<data_expression>(t1[1]);
      |                                      ^~
./jittyc_5970_35640592_3943528750.cpp: In instantiation of ‘static mcrl2::data::data_expression {anonymous}::rewr_functions::rewr_529_2(const DATA_EXPR0&, const DATA_EXPR1&, mcrl2::data::detail::RewriterCompilingJitty*) [with DATA_EXPR0 = mcrl2::data::data_expression; DATA_EXPR1 = delayed_rewr_509_2<delayed_rewr_529_2<mcrl2::data::data_expression, mcrl2::data::data_expression>, delayed_rewr_20_1<mcrl2::data::data_expression> >]’:
./jittyc_5970_35640592_3943528750.cpp:9817:32:   required from ‘static mcrl2::data::data_expression {anonymous}::rewr_functions::rewr_509_2(const DATA_EXPR0&, const DATA_EXPR1&, mcrl2::data::detail::RewriterCompilingJitty*) [with DATA_EXPR0 = term_not_in_normal_form; DATA_EXPR1 = term_not_in_normal_form]’
./jittyc_5970_35640592_3943528750.cpp:9835:129:   required from here
./jittyc_5970_35640592_3943528750.cpp:7086:34: warning: unused variable ‘t1’ [-Wunused-variable]
 7086 |           const data_expression& t1 = down_cast<data_expression>(arg0[1]);
      |                                  ^~
./jittyc_5970_35640592_3943528750.cpp:7129:40: warning: unused variable ‘t3’ [-Wunused-variable]
 7129 |                 const data_expression& t3 = down_cast<data_expression>(arg1[1]);
      |                                        ^~
./jittyc_5970_35640592_3943528750.cpp:7137:42: warning: unused variable ‘t3’ [-Wunused-variable]
 7137 |                   const data_expression& t3 = down_cast<data_expression>(arg1[1]);
      |                                          ^~
./jittyc_5970_35640592_3943528750.cpp:7117:34: warning: unused variable ‘t1’ [-Wunused-variable]
 7117 |           const data_expression& t1 = down_cast<data_expression>(arg0[1]);
      |                                  ^~
./jittyc_5970_35640592_3943528750.cpp:7163:40: warning: unused variable ‘t2’ [-Wunused-variable]
 7163 |                 const data_expression& t2 = down_cast<data_expression>(arg1[1]);
      |                                        ^~
./jittyc_5970_35640592_3943528750.cpp:7189:38: warning: unused variable ‘t1’ [-Wunused-variable]
 7189 |               const data_expression& t1 = down_cast<data_expression>(arg1[1]);
      |                                      ^~
./jittyc_5970_35640592_3943528750.cpp: In instantiation of ‘static mcrl2::data::data_expression {anonymous}::rewr_functions::rewr_528_3(const DATA_EXPR0&, const DATA_EXPR1&, const DATA_EXPR2&, mcrl2::data::detail::RewriterCompilingJitty*) [with DATA_EXPR0 = mcrl2::data::data_expression; DATA_EXPR1 = mcrl2::data::data_expression; DATA_EXPR2 = delayed_rewr_91_2<mcrl2::data::data_expression, delayed_rewr_529_2<mcrl2::data::data_expression, mcrl2::data::data_expression> >]’:
./jittyc_5970_35640592_3943528750.cpp:7227:26:   required from ‘mcrl2::data::data_expression {anonymous}::rewr_functions::delayed_rewr_528_3<DATA_EXPR0, DATA_EXPR1, DATA_EXPR2>::normal_form() const [with DATA_EXPR0 = mcrl2::data::data_expression; DATA_EXPR1 = mcrl2::data::data_expression; DATA_EXPR2 = {anonymous}::rewr_functions::delayed_rewr_91_2<mcrl2::data::data_expression, {anonymous}::rewr_functions::delayed_rewr_529_2<mcrl2::data::data_expression, mcrl2::data::data_expression> >]’
./jittyc_5970_35640592_3943528750.cpp:15:25:   required from ‘static mcrl2::data::data_expression {anonymous}::rewr_functions::local_rewrite(const REWRITE_TERM&, mcrl2::data::detail::RewriterCompilingJitty*) [with REWRITE_TERM = delayed_rewr_528_3<mcrl2::data::data_expression, mcrl2::data::data_expression, delayed_rewr_91_2<mcrl2::data::data_expression, delayed_rewr_529_2<mcrl2::data::data_expression, mcrl2::data::data_expression> > >]’
./jittyc_5970_35640592_3943528750.cpp:7299:53:   required from ‘static mcrl2::data::data_expression {anonymous}::rewr_functions::rewr_528_3(const DATA_EXPR0&, const DATA_EXPR1&, const DATA_EXPR2&, mcrl2::data::detail::RewriterCompilingJitty*) [with DATA_EXPR0 = mcrl2::data::data_expression; DATA_EXPR1 = mcrl2::data::data_expression; DATA_EXPR2 = delayed_rewr_528_3<mcrl2::data::data_expression, mcrl2::data::data_expression, delayed_rewr_91_2<mcrl2::data::data_expression, delayed_rewr_529_2<mcrl2::data::data_expression, mcrl2::data::data_expression> > >]’
./jittyc_5970_35640592_3943528750.cpp:7131:103:   required from ‘static mcrl2::data::data_expression {anonymous}::rewr_functions::rewr_529_2(const DATA_EXPR0&, const DATA_EXPR1&, mcrl2::data::detail::RewriterCompilingJitty*) [with DATA_EXPR0 = term_not_in_normal_form; DATA_EXPR1 = term_not_in_normal_form]’
./jittyc_5970_35640592_3943528750.cpp:7206:129:   required from here
./jittyc_5970_35640592_3943528750.cpp:7351:44: warning: unused variable ‘t4’ [-Wunused-variable]
 7351 |                     const data_expression& t4 = down_cast<data_expression>(arg2[1]);
      |                                            ^~
./jittyc_5970_35640592_3943528750.cpp:7365:44: warning: unused variable ‘t4’ [-Wunused-variable]
 7365 |                     const data_expression& t4 = down_cast<data_expression>(arg2[1]);
      |                                            ^~
./jittyc_5970_35640592_3943528750.cpp:7337:36: warning: unused variable ‘t2’ [-Wunused-variable]
 7337 |             const data_expression& t2 = down_cast<data_expression>(arg1[1]);
      |                                    ^~
./jittyc_5970_35640592_3943528750.cpp:7397:46: warning: unused variable ‘t4’ [-Wunused-variable]
 7397 |                       const data_expression& t4 = down_cast<data_expression>(arg2[1]);
      |                                              ^~
./jittyc_5970_35640592_3943528750.cpp:7411:46: warning: unused variable ‘t4’ [-Wunused-variable]
 7411 |                       const data_expression& t4 = down_cast<data_expression>(arg2[1]);
      |                                              ^~
./jittyc_5970_35640592_3943528750.cpp:7383:38: warning: unused variable ‘t2’ [-Wunused-variable]
 7383 |               const data_expression& t2 = down_cast<data_expression>(arg1[1]);
      |                                      ^~
./jittyc_5970_35640592_3943528750.cpp:7487:46: warning: unused variable ‘t4’ [-Wunused-variable]
 7487 |                       const data_expression& t4 = down_cast<data_expression>(arg2[1]);
      |                                              ^~
./jittyc_5970_35640592_3943528750.cpp:7501:46: warning: unused variable ‘t4’ [-Wunused-variable]
 7501 |                       const data_expression& t4 = down_cast<data_expression>(arg2[1]);
      |                                              ^~
./jittyc_5970_35640592_3943528750.cpp:7473:38: warning: unused variable ‘t2’ [-Wunused-variable]
 7473 |               const data_expression& t2 = down_cast<data_expression>(arg1[1]);
      |                                      ^~
./jittyc_5970_35640592_3943528750.cpp:7533:48: warning: unused variable ‘t4’ [-Wunused-variable]
 7533 |                         const data_expression& t4 = down_cast<data_expression>(arg2[1]);
      |                                                ^~
./jittyc_5970_35640592_3943528750.cpp:7547:48: warning: unused variable ‘t4’ [-Wunused-variable]
 7547 |                         const data_expression& t4 = down_cast<data_expression>(arg2[1]);
      |                                                ^~
./jittyc_5970_35640592_3943528750.cpp:7519:40: warning: unused variable ‘t2’ [-Wunused-variable]
 7519 |                 const data_expression& t2 = down_cast<data_expression>(arg1[1]);
      |                                        ^~
./jittyc_5970_35640592_3943528750.cpp:7614:44: warning: unused variable ‘t3’ [-Wunused-variable]
 7614 |                     const data_expression& t3 = down_cast<data_expression>(arg2[1]);
      |                                            ^~
./jittyc_5970_35640592_3943528750.cpp:7628:44: warning: unused variable ‘t3’ [-Wunused-variable]
 7628 |                     const data_expression& t3 = down_cast<data_expression>(arg2[1]);
      |                                            ^~
./jittyc_5970_35640592_3943528750.cpp:7606:38: warning: unused variable ‘t1’ [-Wunused-variable]
 7606 |               const data_expression& t1 = down_cast<data_expression>(arg1[1]);
      |                                      ^~
./jittyc_5970_35640592_3943528750.cpp:7653:46: warning: unused variable ‘t3’ [-Wunused-variable]
 7653 |                       const data_expression& t3 = down_cast<data_expression>(arg2[1]);
      |                                              ^~
./jittyc_5970_35640592_3943528750.cpp:7667:46: warning: unused variable ‘t3’ [-Wunused-variable]
 7667 |                       const data_expression& t3 = down_cast<data_expression>(arg2[1]);
      |                                              ^~
./jittyc_5970_35640592_3943528750.cpp:7645:40: warning: unused variable ‘t1’ [-Wunused-variable]
 7645 |                 const data_expression& t1 = down_cast<data_expression>(arg1[1]);
      |                                        ^~
./jittyc_5970_35640592_3943528750.cpp: In instantiation of ‘static mcrl2::data::data_expression {anonymous}::rewr_functions::rewr_509_2(const DATA_EXPR0&, const DATA_EXPR1&, mcrl2::data::detail::RewriterCompilingJitty*) [with DATA_EXPR0 = delayed_rewr_529_2<mcrl2::data::data_expression, mcrl2::data::data_expression>; DATA_EXPR1 = delayed_rewr_20_1<mcrl2::data::data_expression>]’:
./jittyc_5970_35640592_3943528750.cpp:9855:26:   required from ‘mcrl2::data::data_expression {anonymous}::rewr_functions::delayed_rewr_509_2<DATA_EXPR0, DATA_EXPR1>::normal_form() const [with DATA_EXPR0 = {anonymous}::rewr_functions::delayed_rewr_529_2<mcrl2::data::data_expression, mcrl2::data::data_expression>; DATA_EXPR1 = {anonymous}::rewr_functions::delayed_rewr_20_1<mcrl2::data::data_expression>]’
./jittyc_5970_35640592_3943528750.cpp:15:25:   required from ‘static mcrl2::data::data_expression {anonymous}::rewr_functions::local_rewrite(const REWRITE_TERM&, mcrl2::data::detail::RewriterCompilingJitty*) [with REWRITE_TERM = delayed_rewr_509_2<delayed_rewr_529_2<mcrl2::data::data_expression, mcrl2::data::data_expression>, delayed_rewr_20_1<mcrl2::data::data_expression> >]’
./jittyc_5970_35640592_3943528750.cpp:7100:31:   required from ‘static mcrl2::data::data_expression {anonymous}::rewr_functions::rewr_529_2(const DATA_EXPR0&, const DATA_EXPR1&, mcrl2::data::detail::RewriterCompilingJitty*) [with DATA_EXPR0 = mcrl2::data::data_expression; DATA_EXPR1 = delayed_rewr_509_2<delayed_rewr_529_2<mcrl2::data::data_expression, mcrl2::data::data_expression>, delayed_rewr_20_1<mcrl2::data::data_expression> >]’
./jittyc_5970_35640592_3943528750.cpp:9817:32:   required from ‘static mcrl2::data::data_expression {anonymous}::rewr_functions::rewr_509_2(const DATA_EXPR0&, const DATA_EXPR1&, mcrl2::data::detail::RewriterCompilingJitty*) [with DATA_EXPR0 = term_not_in_normal_form; DATA_EXPR1 = term_not_in_normal_form]’
./jittyc_5970_35640592_3943528750.cpp:9835:129:   required from here
./jittyc_5970_35640592_3943528750.cpp:9782:36: warning: unused variable ‘t1’ [-Wunused-variable]
 9782 |             const data_expression& t1 = down_cast<data_expression>(arg1[1]);
      |                                    ^~
./jittyc_5970_35640592_3943528750.cpp:9807:36: warning: unused variable ‘t2’ [-Wunused-variable]
 9807 |             const data_expression& t2 = down_cast<data_expression>(t1[1]);
      |                                    ^~
./jittyc_5970_35640592_3943528750.cpp:9815:38: warning: unused variable ‘t2’ [-Wunused-variable]
 9815 |               const data_expression& t2 = down_cast<data_expression>(t1[1]);
      |                                      ^~
