\BOOKMARK [1][-]{section.1}{\376\377\000I\000n\000t\000r\000o\000\040\000a\000n\000d\000\040\000s\000h\000o\000r\000t\000c\000o\000m\000i\000n\000g\000s\000\040\000o\000f\000\040\000D\000F\000A\000\040\000f\000o\000r\000m\000a\000l\000i\000z\000a\000t\000i\000o\000n}{}% 1
\BOOKMARK [2][-]{subsection.1.1}{\376\377\000I\000n\000t\000r\000o}{section.1}% 2
\BOOKMARK [2][-]{subsection.1.2}{\376\377\000S\000h\000o\000r\000t\000c\000o\000m\000i\000n\000g\000s}{section.1}% 3
\BOOKMARK [1][-]{section.2}{\376\377\000T\000h\000e\000\040\000L\0004\000\040\000a\000p\000p\000r\000o\000a\000c\000h}{}% 4
\BOOKMARK [2][-]{subsection.2.1}{\376\377\000I\000n\000t\000r\000o\000\040\000t\000o\000\040\000L\0004\000\040\000a\000s\000\040\000a\000\040\000l\000a\000n\000g\000u\000a\000g\000e}{section.2}% 5
\BOOKMARK [2][-]{subsection.2.2}{\376\377\000M\000o\000d\000e\000l\000l\000i\000n\000g\000\040\000t\000h\000e\000\040\000l\000o\000a\000n\000\040\000a\000g\000r\000e\000e\000m\000e\000n\000t\000\040\000i\000n\000\040\000L\0004}{section.2}% 6
\BOOKMARK [1][-]{section.3}{\376\377\000M\000o\000d\000e\000l\000l\000i\000n\000g\000\040\000c\000o\000n\000t\000r\000a\000c\000t\000s\000\040\000i\000n\000\040\000B\000\040\000a\000n\000d\000\040\000h\000o\000w\000\040\000i\000t\000\040\000r\000e\000l\000a\000t\000e\000s\000\040\000t\000o\000\040\000L\0004}{}% 7
\BOOKMARK [2][-]{subsection.3.1}{\376\377\000B\000a\000c\000k\000g\000r\000o\000u\000n\000d\000\040\000o\000n\000\040\000B}{section.3}% 8
\BOOKMARK [2][-]{subsection.3.2}{\376\377\000F\000o\000r\000m\000a\000l\000i\000z\000i\000n\000g\000\040\000t\000h\000e\000\040\000c\000o\000n\000t\000r\000a\000c\000t\000\040\000i\000n\000\040\000m\000c\000r\000l\0002}{section.3}% 9
\BOOKMARK [3][-]{subsubsection.3.2.1}{\376\377\000G\000e\000n\000e\000r\000i\000c\000\040\000p\000a\000r\000a\000m\000e\000t\000e\000r\000s}{subsection.3.2}% 10
\BOOKMARK [3][-]{subsubsection.3.2.2}{\376\377\000E\000v\000e\000n\000t\000s\000\040\000a\000n\000d\000\040\000c\000o\000n\000t\000r\000a\000c\000t\000\040\000s\000t\000a\000g\000e\000s}{subsection.3.2}% 11
\BOOKMARK [3][-]{subsubsection.3.2.3}{\376\377\000T\000r\000a\000c\000k\000i\000n\000g\000\040\000g\000l\000o\000b\000a\000l\000\040\000s\000t\000a\000t\000e}{subsection.3.2}% 12
\BOOKMARK [3][-]{subsubsection.3.2.4}{\376\377\000M\000a\000i\000n\000\040\000p\000a\000y\000m\000e\000n\000t\000\040\000l\000o\000o\000p}{subsection.3.2}% 13
\BOOKMARK [3][-]{subsubsection.3.2.5}{\376\377\000S\000i\000d\000e\000\040\000a\000v\000o\000i\000d\000\040\000d\000e\000f\000a\000u\000l\000t\000\040\000p\000r\000o\000c\000e\000s\000s}{subsection.3.2}% 14
\BOOKMARK [3][-]{subsubsection.3.2.6}{\376\377\000A\000c\000c\000e\000l\000e\000r\000a\000t\000e\000d\000\040\000R\000e\000p\000a\000y\000m\000e\000n\000t\000s}{subsection.3.2}% 15
\BOOKMARK [2][-]{subsection.3.3}{\376\377\000G\000e\000n\000e\000r\000a\000t\000i\000n\000g\000\040\000a\000n\000d\000\040\000E\000x\000p\000l\000o\000r\000i\000n\000g\000\040\000t\000h\000e\000\040\000t\000r\000a\000n\000s\000i\000t\000i\000o\000n\000\040\000s\000y\000s\000t\000e\000m}{section.3}% 16
\BOOKMARK [2][-]{subsection.3.4}{\376\377\000B\000a\000c\000k\000g\000r\000o\000u\000n\000d\000\040\000o\000n\000\040\000t\000h\000e\000\040\000m\000o\000d\000a\000l\000\040\000m\000u\000\040\000c\000a\000l\000c\000u\000l\000u\000s\000\040\000i\000n\000\040\000m\000c\000r\000l\0002}{section.3}% 17
\BOOKMARK [2][-]{subsection.3.5}{\376\377\000A\000u\000t\000o\000m\000a\000t\000e\000d\000\040\000r\000e\000a\000s\000o\000n\000i\000n\000g\000\040\000w\000i\000t\000h\000\040\000t\000h\000e\000\040\000c\000o\000n\000t\000r\000a\000c\000t}{section.3}% 18
\BOOKMARK [1][-]{section.4}{\376\377\000R\000e\000l\000a\000t\000e\000d\000\040\000w\000o\000r\000k}{}% 19
\BOOKMARK [1][-]{section.5}{\376\377\000L\000i\000m\000i\000t\000a\000t\000i\000o\000n\000s\000\040\000a\000n\000d\000\040\000f\000u\000t\000u\000r\000e\000\040\000w\000o\000r\000k}{}% 20
